2021-02-23 23:43:20 DEBUG request log not activated
2021-02-23 23:43:20 INFO  Dynatrace Monitoring as Code v1.4.0
2021-02-23 23:43:20 DEBUG Reading projects...
2021-02-23 23:43:20 DEBUG   project - projects\baseconfig
2021-02-23 23:43:20 DEBUG Processing file: projects\baseconfig\app-detection-rule\config.yaml
2021-02-23 23:43:20 DEBUG Processing file: projects\baseconfig\application\application.yaml
2021-02-23 23:43:20 WARN  You are using the configuration 'application', which will be deprecated in v2.0.0. Replace with type 'application-web'.
2021-02-23 23:43:20 DEBUG Processing file: projects\baseconfig\auto-tag\tags.yaml
2021-02-23 23:43:20 DEBUG Processing file: projects\baseconfig\conditional-naming-processgroup\rules.yaml
2021-02-23 23:43:20 DEBUG Processing file: projects\baseconfig\conditional-naming-service\rules.yaml
2021-02-23 23:43:20 DEBUG 		projects\baseconfig\app-detection-rule\lh-hipster-shop has dep on projects\baseconfig\application\lh-hipster-shop
2021-02-23 23:43:20 DEBUG 		projects\baseconfig\application\lh-hipster-shop
2021-02-23 23:43:20 DEBUG 		projects\baseconfig\conditional-naming-service\prepend_hipster_shop_name
2021-02-23 23:43:20 DEBUG 		projects\baseconfig\conditional-naming-processgroup\prepend_hipster_shop_name
2021-02-23 23:43:20 DEBUG 		projects\baseconfig\auto-tag\lh_hipster_shop_tag
2021-02-23 23:43:20 DEBUG 		projects\baseconfig\app-detection-rule\lh-hipster-shop
2021-02-23 23:43:20 DEBUG Sorting projects...
2021-02-23 23:43:20 INFO  Executing projects in this order: 
2021-02-23 23:43:20 INFO  	1: projects\baseconfig (5 configs)
2021-02-23 23:43:20 INFO  Processing environment mac_training_environment...
2021-02-23 23:43:20 INFO  	Processing project projects\baseconfig...
2021-02-23 23:43:20 DEBUG 		Deploying configs in this order: 
2021-02-23 23:43:20 DEBUG 			1: projects\baseconfig\application\config.json
2021-02-23 23:43:20 DEBUG 			2: projects\baseconfig\conditional-naming-service\prepend-hipster-shop-name.json
2021-02-23 23:43:20 DEBUG 			3: projects\baseconfig\conditional-naming-processgroup\prepend-hipster-shop-name.json
2021-02-23 23:43:20 DEBUG 			4: projects\baseconfig\auto-tag\lh-hipster-shop-tag.json
2021-02-23 23:43:20 DEBUG 			5: projects\baseconfig\app-detection-rule\rule.json
2021-02-23 23:43:20 DEBUG 		Applying config projects\baseconfig\application\config.json
2021-02-23 23:43:22 DEBUG 			Updated existing object for LH Hipster Shop (APPLICATION-913B6C8D3F5762A1)
2021-02-23 23:43:22 DEBUG 		Applying config projects\baseconfig\conditional-naming-service\prepend-hipster-shop-name.json
2021-02-23 23:43:23 DEBUG 			Updated existing object for Prepend Hipster Shop Name to Service (7c50b9d0-80e8-49ca-9fbb-916c09fa53c8)
2021-02-23 23:43:23 DEBUG 		Applying config projects\baseconfig\conditional-naming-processgroup\prepend-hipster-shop-name.json
2021-02-23 23:43:24 DEBUG 			Updated existing object for Prepend Hipster Shop Name to PG (46e3e352-71c9-4b83-af93-6da3abcae1b7)
2021-02-23 23:43:24 DEBUG 		Applying config projects\baseconfig\auto-tag\lh-hipster-shop-tag.json
2021-02-23 23:43:25 DEBUG 			Updated existing object for lh-hipster-shop (2fd9ee95-4712-4d0b-8e10-723700cb7d19)
2021-02-23 23:43:25 DEBUG 		Applying config projects\baseconfig\app-detection-rule\rule.json
2021-02-23 23:43:27 DEBUG 			Created new object for LH Hipster Shop (db17db33-d106-4e34-bd96-c0398da15fea)
2021-02-23 23:43:27 INFO  Deployment finished without errors
