2021-02-23 23:43:15 DEBUG request log not activated
2021-02-23 23:43:15 INFO  Dynatrace Monitoring as Code v1.4.0
2021-02-23 23:43:15 DEBUG Reading projects...
2021-02-23 23:43:15 DEBUG   project - projects\baseconfig
2021-02-23 23:43:15 DEBUG Processing file: projects\baseconfig\app-detection-rule\config.yaml
2021-02-23 23:43:15 DEBUG Processing file: projects\baseconfig\application\application.yaml
2021-02-23 23:43:15 WARN  You are using the configuration 'application', which will be deprecated in v2.0.0. Replace with type 'application-web'.
2021-02-23 23:43:15 DEBUG Processing file: projects\baseconfig\auto-tag\tags.yaml
2021-02-23 23:43:15 DEBUG Processing file: projects\baseconfig\conditional-naming-processgroup\rules.yaml
2021-02-23 23:43:15 DEBUG Processing file: projects\baseconfig\conditional-naming-service\rules.yaml
2021-02-23 23:43:15 DEBUG 		projects\baseconfig\app-detection-rule\lh-hipster-shop has dep on projects\baseconfig\application\lh-hipster-shop
2021-02-23 23:43:15 DEBUG 		projects\baseconfig\application\lh-hipster-shop
2021-02-23 23:43:15 DEBUG 		projects\baseconfig\conditional-naming-service\prepend_hipster_shop_name
2021-02-23 23:43:15 DEBUG 		projects\baseconfig\conditional-naming-processgroup\prepend_hipster_shop_name
2021-02-23 23:43:15 DEBUG 		projects\baseconfig\auto-tag\lh_hipster_shop_tag
2021-02-23 23:43:15 DEBUG 		projects\baseconfig\app-detection-rule\lh-hipster-shop
2021-02-23 23:43:15 DEBUG Sorting projects...
2021-02-23 23:43:15 INFO  Executing projects in this order: 
2021-02-23 23:43:15 INFO  	1: projects\baseconfig (5 configs)
2021-02-23 23:43:15 INFO  Processing environment mac_training_environment...
2021-02-23 23:43:15 INFO  	Processing project projects\baseconfig...
2021-02-23 23:43:15 DEBUG 		Deploying configs in this order: 
2021-02-23 23:43:15 DEBUG 			1: projects\baseconfig\application\config.json
2021-02-23 23:43:15 DEBUG 			2: projects\baseconfig\conditional-naming-service\prepend-hipster-shop-name.json
2021-02-23 23:43:15 DEBUG 			3: projects\baseconfig\conditional-naming-processgroup\prepend-hipster-shop-name.json
2021-02-23 23:43:15 DEBUG 			4: projects\baseconfig\auto-tag\lh-hipster-shop-tag.json
2021-02-23 23:43:15 DEBUG 			5: projects\baseconfig\app-detection-rule\rule.json
2021-02-23 23:43:15 DEBUG 		Validating config projects\baseconfig\application\config.json
2021-02-23 23:43:15 DEBUG 		Validating config projects\baseconfig\conditional-naming-service\prepend-hipster-shop-name.json
2021-02-23 23:43:15 DEBUG 		Validating config projects\baseconfig\conditional-naming-processgroup\prepend-hipster-shop-name.json
2021-02-23 23:43:15 DEBUG 		Validating config projects\baseconfig\auto-tag\lh-hipster-shop-tag.json
2021-02-23 23:43:15 DEBUG 		Validating config projects\baseconfig\app-detection-rule\rule.json
2021-02-23 23:43:15 INFO  Validation finished without errors
